1591378497972	mozrunner::runner	INFO	Running command: "/usr/bin/firefox" "-marionette" "-foreground" "-no-remote" "-profile" "/tmp/rust_mozprofileWcFPp3"
1591378521581	Marionette	INFO	Listening on port 43721
1591378521655	Marionette	WARN	TLS certificate errors will be ignored for this session
1591378526048	Marionette	INFO	Stopped listening on port 43721
console.warn: services.settings: main/whats-new-panel sync interrupted by shutdown

###!!! [Child][RunMessage] Error: Channel closing: too late to send/recv, messages will be lost


###!!! [Child][MessageChannel] Error: (msgtype=0x5A000D,name=PHttpChannel::Msg_DeletingChannel) Channel closing: too late to send/recv, messages will be lost

1591378611529	mozrunner::runner	INFO	Running command: "/usr/bin/firefox" "-marionette" "-headless" "-foreground" "-no-remote" "-profile" "/tmp/rust_mozprofilefA86wn"
*** You are running in headless mode.
1591378617933	Marionette	INFO	Listening on port 34199
1591378617983	Marionette	WARN	TLS certificate errors will be ignored for this session
1591378623942	Marionette	INFO	Stopped listening on port 34199

###!!! [Child][RunMessage] Error: Channel closing: too late to send/recv, messages will be lost

1591378864317	mozrunner::runner	INFO	Running command: "/usr/bin/firefox" "-marionette" "-headless" "-foreground" "-no-remote" "-profile" "/tmp/rust_mozprofileWoQ3D1"
*** You are running in headless mode.
1591378869900	Marionette	INFO	Listening on port 42211
1591378869944	Marionette	WARN	TLS certificate errors will be ignored for this session
1591378874464	Marionette	INFO	Stopped listening on port 42211
1591379117830	mozrunner::runner	INFO	Running command: "/usr/bin/firefox" "-marionette" "-headless" "-foreground" "-no-remote" "-profile" "/tmp/rust_mozprofile5MJ1AX"
*** You are running in headless mode.
1591379123237	Marionette	INFO	Listening on port 39265
1591379123252	Marionette	WARN	TLS certificate errors will be ignored for this session
1591379127896	Marionette	INFO	Stopped listening on port 39265
1591379246391	mozrunner::runner	INFO	Running command: "/usr/bin/firefox" "-marionette" "-foreground" "-no-remote" "-profile" "/tmp/rust_mozprofilekhodIK"
1591379252936	Marionette	INFO	Listening on port 33601
1591379253020	Marionette	WARN	TLS certificate errors will be ignored for this session
1591379258417	Marionette	INFO	Stopped listening on port 33601

###!!! [Child][RunMessage] Error: Channel closing: too late to send/recv, messages will be lost


###!!! [Child][RunMessage] Error: Channel closing: too late to send/recv, messages will be lost

1591379911672	mozrunner::runner	INFO	Running command: "/usr/bin/firefox" "-marionette" "-foreground" "-no-remote" "-profile" "/tmp/rust_mozprofile872UjE"
1591379917309	Marionette	INFO	Listening on port 40475
1591379917409	Marionette	WARN	TLS certificate errors will be ignored for this session
JavaScript error: resource://gre/actors/AutoCompleteChild.jsm, line 196: Error: Invalid autocomplete selectedIndex
1591379948137	Marionette	INFO	Stopped listening on port 40475
1591379985799	mozrunner::runner	INFO	Running command: "/usr/bin/firefox" "-marionette" "-foreground" "-no-remote" "-profile" "/tmp/rust_mozprofileL28NmP"
1591379991635	Marionette	INFO	Listening on port 43441
1591379991731	Marionette	WARN	TLS certificate errors will be ignored for this session
JavaScript error: resource://gre/modules/URIFixup.jsm, line 203: NS_ERROR_FAILURE: Should pass a non-null uri
JavaScript error: resource://gre/actors/AutoCompleteChild.jsm, line 196: Error: Invalid autocomplete selectedIndex
1591379997521	Marionette	INFO	Stopped listening on port 43441
1591380073319	mozrunner::runner	INFO	Running command: "/usr/bin/firefox" "-marionette" "-foreground" "-no-remote" "-profile" "/tmp/rust_mozprofileiHSPi4"
1591380078837	Marionette	INFO	Listening on port 38781
1591380078939	Marionette	WARN	TLS certificate errors will be ignored for this session
JavaScript error: resource://gre/actors/AutoCompleteChild.jsm, line 196: Error: Invalid autocomplete selectedIndex
1591380084026	Marionette	INFO	Stopped listening on port 38781
JavaScript error: resource://gre/modules/UrlClassifierListManager.jsm, line 691: TypeError: this.tablesData[table] is undefined
1591380088326	mozrunner::runner	INFO	Running command: "/usr/bin/firefox" "-marionette" "-foreground" "-no-remote" "-profile" "/tmp/rust_mozprofile872gLZ"
1591380095326	Marionette	INFO	Listening on port 40471
1591380095354	Marionette	WARN	TLS certificate errors will be ignored for this session
1591380099672	Marionette	INFO	Stopped listening on port 40471

###!!! [Child][RunMessage] Error: Channel closing: too late to send/recv, messages will be lost

